[debug] [2026-05-12T10:22:13.874Z] ----------------------------------------------------------------------
[debug] [2026-05-12T10:22:13.934Z] Command:       C:\Program Files\nodejs\node.exe C:\Users\NTRA\AppData\Roaming\npm\node_modules\firebase-tools\lib\bin\firebase.js deploy
[debug] [2026-05-12T10:22:13.935Z] CLI Version:   15.15.0
[debug] [2026-05-12T10:22:13.935Z] Platform:      win32
[debug] [2026-05-12T10:22:13.935Z] Node Version:  v24.14.0
[debug] [2026-05-12T10:22:13.935Z] Time:          Tue May 12 2026 13:22:13 GMT+0300 (Eastern European Summer Time)
[debug] [2026-05-12T10:22:13.936Z] ----------------------------------------------------------------------
[debug] 
[debug] [2026-05-12T10:22:13.940Z] >>> [apiv2][query] GET https://firebase-public.firebaseio.com/cli.json [none]
[debug] [2026-05-12T10:22:20.034Z] > command requires scopes: ["email","openid","https://www.googleapis.com/auth/cloudplatformprojects.readonly","https://www.googleapis.com/auth/firebase","https://www.googleapis.com/auth/cloud-platform"]
[debug] [2026-05-12T10:22:20.035Z] > authorizing via signed-in user (osgfxman@gmail.com)
[debug] [2026-05-12T10:22:20.035Z] [iam] checking project quran-gfx for permissions ["firebase.projects.get","firebasehosting.sites.update"]
[debug] [2026-05-12T10:22:20.037Z] Checked if tokens are valid: false, expires at: 1778571538134
[debug] [2026-05-12T10:22:20.037Z] Checked if tokens are valid: false, expires at: 1778571538134
[debug] [2026-05-12T10:22:20.037Z] > refreshing access token with scopes: []
[debug] [2026-05-12T10:22:20.039Z] >>> [apiv2][query] POST https://www.googleapis.com/oauth2/v3/token [none]
[debug] [2026-05-12T10:22:20.040Z] >>> [apiv2][body] POST https://www.googleapis.com/oauth2/v3/token [omitted]
[debug] [2026-05-12T10:22:20.306Z] <<< [apiv2][status] POST https://www.googleapis.com/oauth2/v3/token 200
[debug] [2026-05-12T10:22:20.306Z] <<< [apiv2][body] POST https://www.googleapis.com/oauth2/v3/token [omitted]
[debug] [2026-05-12T10:22:20.317Z] >>> [apiv2][query] POST https://cloudresourcemanager.googleapis.com/v1/projects/quran-gfx:testIamPermissions [none]
[debug] [2026-05-12T10:22:20.318Z] >>> [apiv2][(partial)header] POST https://cloudresourcemanager.googleapis.com/v1/projects/quran-gfx:testIamPermissions  x-goog-user-project=quran-gfx
[debug] [2026-05-12T10:22:20.318Z] >>> [apiv2][body] POST https://cloudresourcemanager.googleapis.com/v1/projects/quran-gfx:testIamPermissions {"permissions":["firebase.projects.get","firebasehosting.sites.update"]}
[debug] [2026-05-12T10:22:23.519Z] <<< [apiv2][status] GET https://firebase-public.firebaseio.com/cli.json 200
[debug] [2026-05-12T10:22:23.519Z] <<< [apiv2][body] GET https://firebase-public.firebaseio.com/cli.json {"cloudBuildErrorAfter":1594252800000,"cloudBuildWarnAfter":1590019200000,"defaultNode10After":1594252800000,"minVersion":"3.0.5","node8DeploysDisabledAfter":1613390400000,"node8RuntimeDisabledAfter":1615809600000,"node8WarnAfter":1600128000000}
[debug] [2026-05-12T10:22:24.423Z] <<< [apiv2][status] POST https://cloudresourcemanager.googleapis.com/v1/projects/quran-gfx:testIamPermissions 200
[debug] [2026-05-12T10:22:24.423Z] <<< [apiv2][body] POST https://cloudresourcemanager.googleapis.com/v1/projects/quran-gfx:testIamPermissions {"permissions":["firebase.projects.get","firebasehosting.sites.update"]}
[debug] [2026-05-12T10:22:24.425Z] Checked if tokens are valid: true, expires at: 1778584939306
[debug] [2026-05-12T10:22:24.425Z] Checked if tokens are valid: true, expires at: 1778584939306
[debug] [2026-05-12T10:22:24.426Z] >>> [apiv2][query] GET https://firebase.googleapis.com/v1beta1/projects/quran-gfx [none]
[debug] [2026-05-12T10:22:35.523Z] *** [apiv2] error from fetch(https://firebase.googleapis.com/v1beta1/projects/quran-gfx, {"headers":{},"method":"GET","signal":{"reason":""}}): FetchError: request to https://firebase.googleapis.com/v1beta1/projects/quran-gfx failed, reason: getaddrinfo ENOTFOUND firebase.googleapis.com
[debug] [2026-05-12T10:22:35.523Z] Failed to make request to https://firebase.googleapis.com/v1beta1/projects/quran-gfx (original: request to https://firebase.googleapis.com/v1beta1/projects/quran-gfx failed, reason: getaddrinfo ENOTFOUND firebase.googleapis.com)
[error] 
[error] Error: Assertion failed: resolving hosting target of a site with no site name or target name. This should have caused an error earlier
